2025-08-21 18:18:29,804 - webexteamssdk.restsession - INFO - User-Agent: webexteamssdk/0.post967+g934fbdf {"implementation": {"name": "CPython", "version": "3.13.0"}, "distro": {"name": "macOS", "version": "15.6.1"}, "system": {"name": "Darwin", "release": "24.6.0"}, "cpu": "arm64", "organization": {}}
2025-08-21 18:18:29,806 - __main__ - INFO - Starting Barnacles bot (attempt 1/5)
2025-08-21 18:18:29,806 - webex_bot.webex_bot - INFO - Registering bot with Webex cloud
2025-08-21 18:18:29,807 - webexpythonsdk.restsession - INFO - User-Agent: webexpythonsdk/2.0.4 {"implementation": {"name": "CPython", "version": "3.13.0"}, "distro": {"name": "macOS", "version": "15.6.1"}, "system": {"name": "Darwin", "release": "24.6.0"}, "cpu": "arm64", "organization": {}}
2025-08-21 18:18:29,807 - webex_bot.websockets.webex_websocket_client - INFO - Tracking ID: webex-bot_ff894e70-d043-4f2b-8a6f-aaebc78b229f
2025-08-21 18:18:30,047 - root - INFO - wdm url: https://wdm-a.wbx2.com/wdm/api/v1
2025-08-21 18:18:30,258 - webex_bot.webex_bot - INFO - Running as bot 'DnR_Barnacles' with email ['DnR_Barnacles@webex.bot']
2025-08-21 18:18:30,259 - __main__ - INFO - Bot started successfully at 2025-08-21 18:18:29.806230-04:00
2025-08-21 18:18:30,675 - webex_bot.websockets.webex_websocket_client - INFO - Opening websocket connection to wss://mercury-connection-partition0-a.wbx2.com/v1/apps/wx2/registrations/8bc11305-a735-4415-b71e-1cd30a95b42f/messages
2025-08-21 18:18:30,900 - webex_bot.websockets.webex_websocket_client - INFO - WebSocket Opened.
2025-08-22 02:07:37,902 - backoff - INFO - Backing off _connect_and_listen(...) for 0.1s (websockets.exceptions.ConnectionClosedError: no close frame received or sent)
2025-08-22 02:07:37,998 - webex_bot.websockets.webex_websocket_client - INFO - Opening websocket connection to wss://mercury-connection-partition0-a.wbx2.com/v1/apps/wx2/registrations/8bc11305-a735-4415-b71e-1cd30a95b42f/messages
2025-08-22 02:07:38,124 - webex_bot.websockets.webex_websocket_client - INFO - WebSocket Opened.
2025-08-22 02:10:38,871 - __main__ - WARNING - Keepalive ping failed: ('Connection aborted.', ConnectionResetError(54, 'Connection reset by peer')). Retrying in 240 seconds.
2025-08-22 08:22:45,574 - __main__ - WARNING - Keepalive ping failed: ('Connection aborted.', ConnectionResetError(54, 'Connection reset by peer')). Retrying in 240 seconds.
2025-08-22 20:19:55,203 - backoff - ERROR - Giving up _connect_and_listen(...) after 2 tries (websockets.exceptions.ConnectionClosedError: no close frame received or sent)
2025-08-22 20:19:55,204 - webex_bot.websockets.webex_websocket_client - ERROR - runException: no close frame received or sent
2025-08-22 20:19:55,644 - webex_bot.websockets.webex_websocket_client - INFO - Waiting 5 seconds before attempting to reconnect...
2025-08-22 20:20:00,647 - webex_bot.websockets.webex_websocket_client - INFO - Opening websocket connection to wss://mercury-connection-partition0-a.wbx2.com/v1/apps/wx2/registrations/5043962a-6079-4b61-a11b-a8bbdcd2911d/messages
2025-08-22 20:20:00,795 - webex_bot.websockets.webex_websocket_client - INFO - WebSocket Opened.
2025-08-22 20:22:58,060 - __main__ - WARNING - Keepalive ping failed: ('Connection aborted.', ConnectionResetError(54, 'Connection reset by peer')). Retrying in 240 seconds.
2025-08-23 02:33:12,530 - backoff - INFO - Backing off _connect_and_listen(...) for 0.0s (websockets.exceptions.ConnectionClosedError: sent 1011 (unexpected error) keepalive ping timeout; no close frame received)
2025-08-23 02:33:12,533 - webex_bot.websockets.webex_websocket_client - INFO - Opening websocket connection to wss://mercury-connection-partition0-a.wbx2.com/v1/apps/wx2/registrations/5043962a-6079-4b61-a11b-a8bbdcd2911d/messages
2025-08-23 02:33:12,659 - webex_bot.websockets.webex_websocket_client - INFO - WebSocket Opened.
2025-08-23 02:35:04,889 - __main__ - WARNING - Keepalive ping failed: ('Connection aborted.', ConnectionResetError(54, 'Connection reset by peer')). Retrying in 240 seconds.
2025-08-23 05:23:14,065 - backoff - ERROR - Giving up _connect_and_listen(...) after 2 tries (websockets.exceptions.ConnectionClosedError: no close frame received or sent)
2025-08-23 05:23:14,067 - webex_bot.websockets.webex_websocket_client - ERROR - runException: no close frame received or sent
2025-08-23 05:23:14,494 - webex_bot.websockets.webex_websocket_client - INFO - Waiting 5 seconds before attempting to reconnect...
2025-08-23 05:23:19,497 - webex_bot.websockets.webex_websocket_client - INFO - Opening websocket connection to wss://mercury-connection-partition0-a.wbx2.com/v1/apps/wx2/registrations/dd90ecdc-e23a-44c9-b7db-3914c771a4ca/messages
2025-08-23 05:23:19,627 - webex_bot.websockets.webex_websocket_client - INFO - WebSocket Opened.
2025-08-23 05:37:05,837 - backoff - INFO - Backing off _connect_and_listen(...) for 0.5s (websockets.exceptions.ConnectionClosedError: no close frame received or sent)
2025-08-23 05:37:06,357 - webex_bot.websockets.webex_websocket_client - INFO - Opening websocket connection to wss://mercury-connection-partition0-a.wbx2.com/v1/apps/wx2/registrations/dd90ecdc-e23a-44c9-b7db-3914c771a4ca/messages
2025-08-23 05:37:06,469 - webex_bot.websockets.webex_websocket_client - INFO - WebSocket Opened.
2025-08-23 14:33:11,459 - backoff - ERROR - Giving up _connect_and_listen(...) after 2 tries (websockets.exceptions.ConnectionClosedError: sent 1011 (unexpected error) keepalive ping timeout; no close frame received)
2025-08-23 14:33:11,461 - webex_bot.websockets.webex_websocket_client - ERROR - runException: sent 1011 (unexpected error) keepalive ping timeout; no close frame received
2025-08-23 14:33:11,876 - webex_bot.websockets.webex_websocket_client - INFO - Waiting 5 seconds before attempting to reconnect...
2025-08-23 14:33:16,878 - webex_bot.websockets.webex_websocket_client - INFO - Opening websocket connection to wss://mercury-connection-partition0-a.wbx2.com/v1/apps/wx2/registrations/26bc2d96-c77a-4507-a294-76c5371ceba0/messages
2025-08-23 14:33:16,993 - webex_bot.websockets.webex_websocket_client - INFO - WebSocket Opened.
2025-08-23 14:35:18,080 - __main__ - WARNING - Keepalive ping failed: ('Connection aborted.', ConnectionResetError(54, 'Connection reset by peer')). Retrying in 240 seconds.
2025-08-23 15:08:36,037 - asyncio - ERROR - Future exception was never retrieved
future: <Future finished exception=KeyError('data')>
Traceback (most recent call last):
  File "/Library/Frameworks/Python.framework/Versions/3.13/lib/python3.13/concurrent/futures/thread.py", line 58, in run
    result = self.fn(*self.args, **self.kwargs)
  File "/Users/user/PycharmProjects/IR/.venv/lib/python3.13/site-packages/webex_bot/websockets/webex_websocket_client.py", line 85, in _process_incoming_websocket_message
    logger.info(f"msg['data'] = {msg['data']}")
                                 ~~~^^^^^^^^
KeyError: 'data'
2025-08-23 15:09:13,385 - backoff - INFO - Backing off _connect_and_listen(...) for 0.7s (websockets.exceptions.ConnectionClosedOK: received 1001 (going away) Server shutdown; then sent 1001 (going away) Server shutdown)
2025-08-23 15:09:14,044 - webex_bot.websockets.webex_websocket_client - INFO - Opening websocket connection to wss://mercury-connection-partition0-a.wbx2.com/v1/apps/wx2/registrations/26bc2d96-c77a-4507-a294-76c5371ceba0/messages
2025-08-23 15:09:14,149 - webex_bot.websockets.webex_websocket_client - INFO - WebSocket Opened.
2025-08-23 20:47:24,811 - __main__ - WARNING - Keepalive ping failed: ('Connection aborted.', ConnectionResetError(54, 'Connection reset by peer')). Retrying in 240 seconds.
2025-08-24 08:44:56,732 - backoff - ERROR - Giving up _connect_and_listen(...) after 2 tries (websockets.exceptions.ConnectionClosedError: no close frame received or sent)
2025-08-24 08:44:56,734 - webex_bot.websockets.webex_websocket_client - ERROR - runException: no close frame received or sent
2025-08-24 08:44:57,215 - webex_bot.websockets.webex_websocket_client - INFO - Waiting 5 seconds before attempting to reconnect...
2025-08-24 08:45:02,219 - webex_bot.websockets.webex_websocket_client - INFO - Opening websocket connection to wss://mercury-connection-partition0-a.wbx2.com/v1/apps/wx2/registrations/ea861ed8-5d29-4523-a046-90a46a78ce84/messages
2025-08-24 08:45:02,328 - webex_bot.websockets.webex_websocket_client - INFO - WebSocket Opened.
2025-08-24 08:47:37,472 - __main__ - WARNING - Keepalive ping failed: ('Connection aborted.', ConnectionResetError(54, 'Connection reset by peer')). Retrying in 240 seconds.
2025-08-24 14:58:12,606 - backoff - INFO - Backing off _connect_and_listen(...) for 0.4s (websockets.exceptions.ConnectionClosedError: sent 1011 (unexpected error) keepalive ping timeout; no close frame received)
2025-08-24 14:58:13,049 - webex_bot.websockets.webex_websocket_client - INFO - Opening websocket connection to wss://mercury-connection-partition0-a.wbx2.com/v1/apps/wx2/registrations/ea861ed8-5d29-4523-a046-90a46a78ce84/messages
2025-08-24 14:58:13,170 - webex_bot.websockets.webex_websocket_client - INFO - WebSocket Opened.
2025-08-24 14:59:44,486 - __main__ - WARNING - Keepalive ping failed: ('Connection aborted.', ConnectionResetError(54, 'Connection reset by peer')). Retrying in 240 seconds.
2025-08-25 02:57:35,092 - backoff - ERROR - Giving up _connect_and_listen(...) after 2 tries (websockets.exceptions.ConnectionClosedError: no close frame received or sent)
2025-08-25 02:57:35,094 - webex_bot.websockets.webex_websocket_client - ERROR - runException: no close frame received or sent
2025-08-25 02:57:35,673 - webex_bot.websockets.webex_websocket_client - INFO - Waiting 5 seconds before attempting to reconnect...
2025-08-25 02:57:40,675 - webex_bot.websockets.webex_websocket_client - INFO - Opening websocket connection to wss://mercury-connection-partition0-a.wbx2.com/v1/apps/wx2/registrations/9c603a34-69f5-4dbb-a63b-b28dd755ed21/messages
2025-08-25 02:57:40,833 - webex_bot.websockets.webex_websocket_client - INFO - WebSocket Opened.
2025-08-25 03:00:01,584 - __main__ - WARNING - Keepalive ping failed: ('Connection aborted.', ConnectionResetError(54, 'Connection reset by peer')). Retrying in 240 seconds.
2025-08-25 09:09:59,121 - backoff - INFO - Backing off _connect_and_listen(...) for 0.3s (websockets.exceptions.ConnectionClosedError: no close frame received or sent)
2025-08-25 09:09:59,379 - webex_bot.websockets.webex_websocket_client - INFO - Opening websocket connection to wss://mercury-connection-partition0-a.wbx2.com/v1/apps/wx2/registrations/9c603a34-69f5-4dbb-a63b-b28dd755ed21/messages
2025-08-25 09:09:59,530 - webex_bot.websockets.webex_websocket_client - INFO - WebSocket Opened.
2025-08-25 09:12:12,487 - __main__ - WARNING - Keepalive ping failed: ('Connection aborted.', ConnectionResetError(54, 'Connection reset by peer')). Retrying in 240 seconds.
2025-08-25 21:09:59,756 - backoff - ERROR - Giving up _connect_and_listen(...) after 2 tries (websockets.exceptions.ConnectionClosedError: no close frame received or sent)
2025-08-25 21:09:59,758 - webex_bot.websockets.webex_websocket_client - ERROR - runException: no close frame received or sent
2025-08-25 21:10:00,221 - webex_bot.websockets.webex_websocket_client - INFO - Waiting 5 seconds before attempting to reconnect...
2025-08-25 21:10:05,224 - webex_bot.websockets.webex_websocket_client - INFO - Opening websocket connection to wss://mercury-connection-partition0-a.wbx2.com/v1/apps/wx2/registrations/ed38061a-7d69-43e3-b536-ce58c8238a47/messages
2025-08-25 21:10:05,472 - webex_bot.websockets.webex_websocket_client - INFO - WebSocket Opened.
2025-08-25 21:12:31,710 - __main__ - WARNING - Keepalive ping failed: ('Connection aborted.', ConnectionResetError(54, 'Connection reset by peer')). Retrying in 240 seconds.
2025-08-26 03:22:28,197 - backoff - INFO - Backing off _connect_and_listen(...) for 0.9s (websockets.exceptions.ConnectionClosedError: no close frame received or sent)
2025-08-26 03:22:29,053 - webex_bot.websockets.webex_websocket_client - INFO - Opening websocket connection to wss://mercury-connection-partition0-a.wbx2.com/v1/apps/wx2/registrations/ed38061a-7d69-43e3-b536-ce58c8238a47/messages
2025-08-26 03:22:29,174 - webex_bot.websockets.webex_websocket_client - INFO - WebSocket Opened.
2025-08-26 03:24:43,057 - __main__ - WARNING - Keepalive ping failed: ('Connection aborted.', ConnectionResetError(54, 'Connection reset by peer')). Retrying in 240 seconds.
2025-08-26 09:05:20,527 - backoff - ERROR - Giving up _connect_and_listen(...) after 2 tries (websockets.exceptions.ConnectionClosedError: received 4000 (private use) Replaced; then sent 4000 (private use) Replaced)
2025-08-26 09:05:20,529 - webex_bot.websockets.webex_websocket_client - ERROR - runException: received 4000 (private use) Replaced; then sent 4000 (private use) Replaced
2025-08-26 09:05:21,079 - webex_bot.websockets.webex_websocket_client - INFO - Waiting 5 seconds before attempting to reconnect...
2025-08-26 09:05:21,483 - __main__ - INFO - Shutdown requested. Cleaning up and exiting...
